Command line:
   control_unit_isim_beh.exe
     -simmode  gui
     -simrunnum  1
     -socket  56113

Fri Jun 21 05:31:25 2013


 Elaboration Time: 0.01 sec

 Current Memory Usage: 182.665 Meg

 Total Signals          : 18
 Total Nets             : 78
 Total Signal Drivers   : 23
 Total Blocks           : 2
 Total Primitive Blocks : 2
 Total Processes        : 28
 Total Traceable Variables  : 63
 Total Scalar Nets and Variables : 459
Total Line Count : 171

 Total Simulation Time: 0.04 sec

 Current Memory Usage: 258.167 Meg

Fri Jun 21 05:31:30 2013

